<?xml version="1.0" encoding="UTF-8"?>
<!-- Generated by org.testng.reporters.JUnitXMLReporter -->
<testsuite ignored="0" hostname="LAPTOP-79F7S95S" failures="0" tests="2" name="Default test" time="67.249" errors="0" timestamp="2023-01-15T10:55:28 IST">
  <testcase classname="neoStoxTestClasses.ValidateUserName" name="ValidateAccountBalOfNeoStox" time="0.593"/>
  <testcase classname="neoStoxTestClasses.ValidateUserName" name="ValidateUserNameOfNeoStox" time="0.035"/>
</testsuite> <!-- Default test -->
