<?xml version="1.0" encoding="UTF-8"?>
<!-- Generated by org.testng.reporters.JUnitXMLReporter -->
<testsuite ignored="0" hostname="LAPTOP-79F7S95S" failures="0" tests="2" name="Default test" time="70.657" errors="0" timestamp="2023-02-06T00:07:32 IST">
  <testcase classname="neoStoxTestClasses.ValidateUserName" name="ValidateAccountBalOfNeoStox" time="1.288"/>
  <testcase classname="neoStoxTestClasses.ValidateUserName" name="ValidateUserNameOfNeoStox" time="0.047"/>
</testsuite> <!-- Default test -->
